<?xml version="1.0" encoding="UTF-8"?>
<!-- Generated by org.testng.reporters.JUnitXMLReporter -->
<testsuite hostname="ip-172-31-17-139" ignored="0" name="Test" tests="4" failures="0" timestamp="2022-03-19T04:20:39 UTC" time="20.678" errors="0">
  <testcase name="externaldatatest" time="1.794" classname="testcases.LoginTest"/>
  <testcase name="loginfailure" time="3.779" classname="testcases.LoginTest"/>
  <testcase name="loginsuccess" time="3.984" classname="testcases.LoginTest"/>
  <testcase name="parameterized" time="4.227" classname="testcases.LoginTest"/>
</testsuite> <!-- Test -->
