<?xml version="1.0" encoding="UTF-8"?>
<testng-results skipped="0" failed="0" ignored="0" total="4" passed="4">
  <reporter-output>
  </reporter-output>
  <suite name="Suite" duration-ms="20678" started-at="2022-03-19T04:20:18 UTC" finished-at="2022-03-19T04:20:39 UTC">
    <groups>
    </groups>
    <test name="Test" duration-ms="20678" started-at="2022-03-19T04:20:18 UTC" finished-at="2022-03-19T04:20:39 UTC">
      <class name="testcases.LoginTest">
        <test-method status="PASS" signature="DataSetUP()[pri:0, instance:testcases.LoginTest@458c1321]" name="DataSetUP" is-config="true" duration-ms="593" started-at="2022-03-19T04:20:18 UTC" finished-at="2022-03-19T04:20:19 UTC">
          <reporter-output>
          </reporter-output>
        </test-method> <!-- DataSetUP -->
        <test-method status="PASS" signature="SetUp(java.lang.reflect.Method)[pri:0, instance:testcases.LoginTest@458c1321]" name="SetUp" is-config="true" duration-ms="1641" started-at="2022-03-19T04:20:19 UTC" finished-at="2022-03-19T04:20:20 UTC">
          <params>
            <param index="0">
              <value>
                <![CDATA[public void testcases.LoginTest.externaldatatest()]]>
              </value>
            </param>
          </params>
          <reporter-output>
          </reporter-output>
        </test-method> <!-- SetUp -->
        <test-method status="PASS" signature="externaldatatest()[pri:0, instance:testcases.LoginTest@458c1321]" name="externaldatatest" duration-ms="1794" started-at="2022-03-19T04:20:20 UTC" finished-at="2022-03-19T04:20:22 UTC">
          <reporter-output>
          </reporter-output>
        </test-method> <!-- externaldatatest -->
        <test-method status="PASS" signature="TearDown()[pri:0, instance:testcases.LoginTest@458c1321]" name="TearDown" is-config="true" duration-ms="70" started-at="2022-03-19T04:20:22 UTC" finished-at="2022-03-19T04:20:22 UTC">
          <reporter-output>
          </reporter-output>
        </test-method> <!-- TearDown -->
        <test-method status="PASS" signature="SetUp(java.lang.reflect.Method)[pri:0, instance:testcases.LoginTest@458c1321]" name="SetUp" is-config="true" duration-ms="1247" started-at="2022-03-19T04:20:22 UTC" finished-at="2022-03-19T04:20:23 UTC">
          <params>
            <param index="0">
              <value>
                <![CDATA[public void testcases.LoginTest.loginfailure()]]>
              </value>
            </param>
          </params>
          <reporter-output>
          </reporter-output>
        </test-method> <!-- SetUp -->
        <test-method status="PASS" signature="loginfailure()[pri:0, instance:testcases.LoginTest@458c1321]" name="loginfailure" duration-ms="3779" started-at="2022-03-19T04:20:23 UTC" finished-at="2022-03-19T04:20:27 UTC">
          <reporter-output>
          </reporter-output>
        </test-method> <!-- loginfailure -->
        <test-method status="PASS" signature="TearDown()[pri:0, instance:testcases.LoginTest@458c1321]" name="TearDown" is-config="true" duration-ms="77" started-at="2022-03-19T04:20:27 UTC" finished-at="2022-03-19T04:20:27 UTC">
          <reporter-output>
          </reporter-output>
        </test-method> <!-- TearDown -->
        <test-method status="PASS" signature="SetUp(java.lang.reflect.Method)[pri:0, instance:testcases.LoginTest@458c1321]" name="SetUp" is-config="true" duration-ms="1379" started-at="2022-03-19T04:20:27 UTC" finished-at="2022-03-19T04:20:29 UTC">
          <params>
            <param index="0">
              <value>
                <![CDATA[public void testcases.LoginTest.loginsuccess()]]>
              </value>
            </param>
          </params>
          <reporter-output>
          </reporter-output>
        </test-method> <!-- SetUp -->
        <test-method status="PASS" signature="loginsuccess()[pri:0, instance:testcases.LoginTest@458c1321]" name="loginsuccess" duration-ms="3984" started-at="2022-03-19T04:20:29 UTC" finished-at="2022-03-19T04:20:33 UTC">
          <reporter-output>
          </reporter-output>
        </test-method> <!-- loginsuccess -->
        <test-method status="PASS" signature="TearDown()[pri:0, instance:testcases.LoginTest@458c1321]" name="TearDown" is-config="true" duration-ms="82" started-at="2022-03-19T04:20:33 UTC" finished-at="2022-03-19T04:20:33 UTC">
          <reporter-output>
          </reporter-output>
        </test-method> <!-- TearDown -->
        <test-method status="PASS" signature="SetUp(java.lang.reflect.Method)[pri:0, instance:testcases.LoginTest@458c1321]" name="SetUp" is-config="true" duration-ms="1408" started-at="2022-03-19T04:20:33 UTC" finished-at="2022-03-19T04:20:34 UTC">
          <params>
            <param index="0">
              <value>
                <![CDATA[public void testcases.LoginTest.parameterized(java.lang.String,java.lang.String)]]>
              </value>
            </param>
          </params>
          <reporter-output>
          </reporter-output>
        </test-method> <!-- SetUp -->
        <test-method status="PASS" signature="parameterized(java.lang.String,java.lang.String)[pri:0, instance:testcases.LoginTest@458c1321]" name="parameterized" duration-ms="4227" started-at="2022-03-19T04:20:34 UTC" finished-at="2022-03-19T04:20:38 UTC">
          <params>
            <param index="0">
              <value>
                <![CDATA[creatorshashikiran@gmail.com]]>
              </value>
            </param>
            <param index="1">
              <value>
                <![CDATA[Reset@123]]>
              </value>
            </param>
          </params>
          <reporter-output>
          </reporter-output>
        </test-method> <!-- parameterized -->
        <test-method status="PASS" signature="TearDown()[pri:0, instance:testcases.LoginTest@458c1321]" name="TearDown" is-config="true" duration-ms="75" started-at="2022-03-19T04:20:38 UTC" finished-at="2022-03-19T04:20:38 UTC">
          <reporter-output>
          </reporter-output>
        </test-method> <!-- TearDown -->
        <test-method status="PASS" signature="DataTearDown()[pri:0, instance:testcases.LoginTest@458c1321]" name="DataTearDown" is-config="true" duration-ms="287" started-at="2022-03-19T04:20:38 UTC" finished-at="2022-03-19T04:20:39 UTC">
          <reporter-output>
          </reporter-output>
        </test-method> <!-- DataTearDown -->
      </class> <!-- testcases.LoginTest -->
    </test> <!-- Test -->
  </suite> <!-- Suite -->
</testng-results>
